<?xml version="1.0" encoding="UTF-8"?>
<!-- Generated by org.testng.reporters.JUnitXMLReporter -->
<testsuite hostname="Mandeeps-MBP" ignored="0" name="Regression1" tests="4" failures="0" timestamp="2019-07-25T19:04:05 EDT" time="23.111" errors="0">
  <testcase name="test_loanAmount_APR_monthlyPaymentCorrectlyDisplayedAfterLogin" time="15.129" classname="com.upgrade.uitests.UpgradePersonalLoanTests"/>
  <testcase name="givenEndPoint_whenRequested_thenPGeorgiaIsWithMinLoanAmount3005" time="2.568" classname="com.upgrade.apitests.StateAPITests"/>
  <testcase name="givenEndPoint_whenRequested_thenPrintStateWhereMinAge19" time="0.909" classname="com.upgrade.apitests.StateAPITests"/>
  <testcase name="verifyThatAllValidStatesCanBeFoundWithCount48" time="0.808" classname="com.upgrade.apitests.StateAPITests"/>
</testsuite> <!-- Regression1 -->
